2020-05-14 11:23:01,138 [INFO] com.example.account.Controller.UserControllerTest [main] No active profile set, falling back to default profiles: default
2020-05-14 11:23:02,474 [WARN] org.springframework.boot.actuate.endpoint.EndpointId [main] Endpoint ID 'hystrix.stream' contains invalid characters, please migrate to a valid format.
2020-05-14 11:23:04,990 [INFO] org.springframework.data.repository.config.RepositoryConfigurationDelegate [main] Bootstrapping Spring Data JPA repositories in DEFAULT mode.
2020-05-14 11:23:05,794 [INFO] org.springframework.data.repository.config.RepositoryConfigurationDelegate [main] Finished Spring Data repository scanning in 772ms. Found 6 JPA repository interfaces.
2020-05-14 11:23:06,683 [WARN] org.springframework.boot.actuate.endpoint.EndpointId [main] Endpoint ID 'service-registry' contains invalid characters, please migrate to a valid format.
2020-05-14 11:23:08,004 [INFO] org.springframework.cloud.context.scope.GenericScope [main] BeanFactory id=97dfa5e1-2f44-3bf7-b1de-3648a75ec31e
2020-05-14 11:23:13,293 [INFO] org.springframework.context.support.PostProcessorRegistrationDelegate$BeanPostProcessorChecker [main] Bean 'org.springframework.cloud.client.loadbalancer.reactive.LoadBalancerBeanPostProcessorAutoConfiguration' of type [org.springframework.cloud.client.loadbalancer.reactive.LoadBalancerBeanPostProcessorAutoConfiguration] is not eligible for getting processed by all BeanPostProcessors (for example: not eligible for auto-proxying)
2020-05-14 11:23:13,325 [INFO] org.springframework.context.support.PostProcessorRegistrationDelegate$BeanPostProcessorChecker [main] Bean 'org.springframework.cloud.client.loadbalancer.reactive.LoadBalancerBeanPostProcessorAutoConfiguration$ReactiveLoadBalancerConfig' of type [org.springframework.cloud.client.loadbalancer.reactive.LoadBalancerBeanPostProcessorAutoConfiguration$ReactiveLoadBalancerConfig] is not eligible for getting processed by all BeanPostProcessors (for example: not eligible for auto-proxying)
2020-05-14 11:23:13,348 [INFO] org.springframework.context.support.PostProcessorRegistrationDelegate$BeanPostProcessorChecker [main] Bean 'deferringLoadBalancerExchangeFilterFunction' of type [org.springframework.cloud.client.loadbalancer.reactive.DeferringLoadBalancerExchangeFilterFunction] is not eligible for getting processed by all BeanPostProcessors (for example: not eligible for auto-proxying)
2020-05-14 11:23:14,673 [INFO] org.hibernate.jpa.internal.util.LogHelper [main] HHH000204: Processing PersistenceUnitInfo [name: default]
2020-05-14 11:23:15,078 [INFO] org.hibernate.Version [main] HHH000412: Hibernate ORM core version 5.4.12.Final
2020-05-14 11:23:15,264 [INFO] org.hibernate.annotations.common.Version [main] HCANN000001: Hibernate Commons Annotations {5.1.0.Final}
2020-05-14 11:23:15,737 [INFO] com.zaxxer.hikari.HikariDataSource [main] HikariPool-1 - Starting...
2020-05-14 11:23:16,413 [INFO] com.zaxxer.hikari.HikariDataSource [main] HikariPool-1 - Start completed.
2020-05-14 11:23:16,482 [INFO] org.hibernate.dialect.Dialect [main] HHH000400: Using dialect: org.hibernate.dialect.H2Dialect
2020-05-14 11:23:18,628 [INFO] org.hibernate.engine.transaction.jta.platform.internal.JtaPlatformInitiator [main] HHH000490: Using JtaPlatform implementation: [org.hibernate.engine.transaction.jta.platform.internal.NoJtaPlatform]
2020-05-14 11:23:18,647 [INFO] org.springframework.orm.jpa.LocalContainerEntityManagerFactoryBean [main] Initialized JPA EntityManagerFactory for persistence unit 'default'
2020-05-14 11:23:21,969 [WARN] com.netflix.config.sources.URLConfigurationSource [main] No URLs will be polled as dynamic configuration sources.
2020-05-14 11:23:21,970 [INFO] com.netflix.config.sources.URLConfigurationSource [main] To enable URLs as dynamic configuration sources, define System property archaius.configurationSource.additionalUrls or make config.properties available on classpath.
2020-05-14 11:23:21,984 [WARN] com.netflix.config.sources.URLConfigurationSource [main] No URLs will be polled as dynamic configuration sources.
2020-05-14 11:23:21,984 [INFO] com.netflix.config.sources.URLConfigurationSource [main] To enable URLs as dynamic configuration sources, define System property archaius.configurationSource.additionalUrls or make config.properties available on classpath.
2020-05-14 11:23:22,403 [WARN] org.springframework.boot.autoconfigure.orm.jpa.JpaBaseConfiguration$JpaWebConfiguration [main] spring.jpa.open-in-view is enabled by default. Therefore, database queries may be performed during view rendering. Explicitly configure spring.jpa.open-in-view to disable this warning
2020-05-14 11:23:23,122 [INFO] org.springframework.scheduling.concurrent.ThreadPoolTaskExecutor [main] Initializing ExecutorService 'applicationTaskExecutor'
2020-05-14 11:23:28,321 [INFO] org.springframework.boot.autoconfigure.h2.H2ConsoleAutoConfiguration [main] H2 console available at '/console'. Database available at 'jdbc:h2:mem:testdb'
2020-05-14 11:23:28,919 [INFO] org.springframework.boot.test.mock.web.SpringBootMockServletContext [main] Initializing Spring TestDispatcherServlet ''
2020-05-14 11:23:28,919 [INFO] org.springframework.test.web.servlet.TestDispatcherServlet [main] Initializing Servlet ''
2020-05-14 11:23:28,951 [INFO] org.springframework.boot.actuate.endpoint.web.EndpointLinksResolver [main] Exposing 1 endpoint(s) beneath base path '/actuator'
2020-05-14 11:23:29,058 [INFO] org.springframework.test.web.servlet.TestDispatcherServlet [main] Completed initialization in 138 ms
2020-05-14 11:23:29,557 [WARN] org.springframework.cloud.loadbalancer.config.BlockingLoadBalancerClientAutoConfiguration$BlockingLoadBalancerClientRibbonWarnLogger [main] You already have RibbonLoadBalancerClient on your classpath. It will be used by default. As Spring Cloud Ribbon is in maintenance mode. We recommend switching to BlockingLoadBalancerClient instead. In order to use it, set the value of `spring.cloud.loadbalancer.ribbon.enabled` to `false` or remove spring-cloud-starter-netflix-ribbon from your project.
2020-05-14 11:23:29,633 [WARN] org.springframework.cloud.client.loadbalancer.reactive.ReactorLoadBalancerClientAutoConfiguration$ReactorLoadBalancerClientRibbonWarnLogger [main] You have RibbonLoadBalancerClient on your classpath. LoadBalancerExchangeFilterFunction that uses it under the hood will be used by default. Spring Cloud Ribbon is now in maintenance mode, so we suggest switching to ReactorLoadBalancerExchangeFilterFunction instead. In order to use it, set the value of `spring.cloud.loadbalancer.ribbon.enabled` to `false` or remove spring-cloud-starter-netflix-ribbon from your project.
2020-05-14 11:23:29,981 [INFO] com.example.account.Controller.UserControllerTest [main] Started UserControllerTest in 44.058 seconds (JVM running for 49.958)
2020-05-14 11:23:31,045 [WARN] org.springframework.web.servlet.mvc.support.DefaultHandlerExceptionResolver [main] Resolved [org.springframework.http.converter.HttpMessageNotReadableException: Required request body is missing: public org.springframework.http.ResponseEntity<com.example.account.Response.serverResponse> com.example.account.Controller.UserController.verifyuser(java.util.Map<java.lang.String, java.lang.String>) throws java.lang.Exception]
2020-05-14 11:23:31,245 [WARN] org.springframework.web.servlet.mvc.support.DefaultHandlerExceptionResolver [main] Resolved [org.springframework.http.converter.HttpMessageNotReadableException: Required request body is missing: public org.springframework.http.ResponseEntity<com.example.account.Response.serverResponse> com.example.account.Controller.UserController.verifyuser(java.util.Map<java.lang.String, java.lang.String>) throws java.lang.Exception]
2020-05-14 11:23:31,518 [INFO] org.springframework.cloud.netflix.eureka.InstanceInfoFactory [SpringContextShutdownHook] Setting initial instance status as: STARTING
2020-05-14 11:23:31,525 [INFO] org.springframework.cloud.netflix.eureka.serviceregistry.EurekaServiceRegistry [SpringContextShutdownHook] Unregistering application ACCOUNT with eureka with status DOWN
2020-05-14 11:23:31,574 [INFO] org.springframework.scheduling.concurrent.ThreadPoolTaskExecutor [SpringContextShutdownHook] Shutting down ExecutorService 'applicationTaskExecutor'
2020-05-14 11:23:31,602 [INFO] org.springframework.orm.jpa.LocalContainerEntityManagerFactoryBean [SpringContextShutdownHook] Closing JPA EntityManagerFactory for persistence unit 'default'
2020-05-14 11:23:31,608 [INFO] com.zaxxer.hikari.HikariDataSource [SpringContextShutdownHook] HikariPool-1 - Shutdown initiated...
2020-05-14 11:23:31,630 [INFO] com.zaxxer.hikari.HikariDataSource [SpringContextShutdownHook] HikariPool-1 - Shutdown completed.
2020-05-14 12:04:08,120 [INFO] com.example.account.Controller.UserControllerTest [main] No active profile set, falling back to default profiles: default
2020-05-14 12:04:08,931 [WARN] org.springframework.boot.actuate.endpoint.EndpointId [main] Endpoint ID 'hystrix.stream' contains invalid characters, please migrate to a valid format.
2020-05-14 12:04:10,606 [INFO] org.springframework.data.repository.config.RepositoryConfigurationDelegate [main] Bootstrapping Spring Data JPA repositories in DEFAULT mode.
2020-05-14 12:04:11,230 [INFO] org.springframework.data.repository.config.RepositoryConfigurationDelegate [main] Finished Spring Data repository scanning in 592ms. Found 6 JPA repository interfaces.
2020-05-14 12:04:11,776 [WARN] org.springframework.boot.actuate.endpoint.EndpointId [main] Endpoint ID 'service-registry' contains invalid characters, please migrate to a valid format.
2020-05-14 12:04:12,260 [INFO] org.springframework.cloud.context.scope.GenericScope [main] BeanFactory id=97dfa5e1-2f44-3bf7-b1de-3648a75ec31e
2020-05-14 12:04:14,559 [INFO] org.springframework.context.support.PostProcessorRegistrationDelegate$BeanPostProcessorChecker [main] Bean 'org.springframework.cloud.client.loadbalancer.reactive.LoadBalancerBeanPostProcessorAutoConfiguration' of type [org.springframework.cloud.client.loadbalancer.reactive.LoadBalancerBeanPostProcessorAutoConfiguration] is not eligible for getting processed by all BeanPostProcessors (for example: not eligible for auto-proxying)
2020-05-14 12:04:14,564 [INFO] org.springframework.context.support.PostProcessorRegistrationDelegate$BeanPostProcessorChecker [main] Bean 'org.springframework.cloud.client.loadbalancer.reactive.LoadBalancerBeanPostProcessorAutoConfiguration$ReactiveLoadBalancerConfig' of type [org.springframework.cloud.client.loadbalancer.reactive.LoadBalancerBeanPostProcessorAutoConfiguration$ReactiveLoadBalancerConfig] is not eligible for getting processed by all BeanPostProcessors (for example: not eligible for auto-proxying)
2020-05-14 12:04:14,572 [INFO] org.springframework.context.support.PostProcessorRegistrationDelegate$BeanPostProcessorChecker [main] Bean 'deferringLoadBalancerExchangeFilterFunction' of type [org.springframework.cloud.client.loadbalancer.reactive.DeferringLoadBalancerExchangeFilterFunction] is not eligible for getting processed by all BeanPostProcessors (for example: not eligible for auto-proxying)
2020-05-14 12:04:15,008 [INFO] org.hibernate.jpa.internal.util.LogHelper [main] HHH000204: Processing PersistenceUnitInfo [name: default]
2020-05-14 12:04:15,219 [INFO] org.hibernate.Version [main] HHH000412: Hibernate ORM core version 5.4.12.Final
2020-05-14 12:04:15,330 [INFO] org.hibernate.annotations.common.Version [main] HCANN000001: Hibernate Commons Annotations {5.1.0.Final}
2020-05-14 12:04:15,587 [INFO] com.zaxxer.hikari.HikariDataSource [main] HikariPool-1 - Starting...
2020-05-14 12:04:16,022 [INFO] com.zaxxer.hikari.HikariDataSource [main] HikariPool-1 - Start completed.
2020-05-14 12:04:16,074 [INFO] org.hibernate.dialect.Dialect [main] HHH000400: Using dialect: org.hibernate.dialect.H2Dialect
2020-05-14 12:04:18,042 [INFO] org.hibernate.engine.transaction.jta.platform.internal.JtaPlatformInitiator [main] HHH000490: Using JtaPlatform implementation: [org.hibernate.engine.transaction.jta.platform.internal.NoJtaPlatform]
2020-05-14 12:04:18,061 [INFO] org.springframework.orm.jpa.LocalContainerEntityManagerFactoryBean [main] Initialized JPA EntityManagerFactory for persistence unit 'default'
2020-05-14 12:04:21,160 [WARN] com.netflix.config.sources.URLConfigurationSource [main] No URLs will be polled as dynamic configuration sources.
2020-05-14 12:04:21,160 [INFO] com.netflix.config.sources.URLConfigurationSource [main] To enable URLs as dynamic configuration sources, define System property archaius.configurationSource.additionalUrls or make config.properties available on classpath.
2020-05-14 12:04:21,172 [WARN] com.netflix.config.sources.URLConfigurationSource [main] No URLs will be polled as dynamic configuration sources.
2020-05-14 12:04:21,173 [INFO] com.netflix.config.sources.URLConfigurationSource [main] To enable URLs as dynamic configuration sources, define System property archaius.configurationSource.additionalUrls or make config.properties available on classpath.
2020-05-14 12:04:21,578 [WARN] org.springframework.boot.autoconfigure.orm.jpa.JpaBaseConfiguration$JpaWebConfiguration [main] spring.jpa.open-in-view is enabled by default. Therefore, database queries may be performed during view rendering. Explicitly configure spring.jpa.open-in-view to disable this warning
2020-05-14 12:04:22,275 [INFO] org.springframework.scheduling.concurrent.ThreadPoolTaskExecutor [main] Initializing ExecutorService 'applicationTaskExecutor'
2020-05-14 12:04:28,452 [INFO] org.springframework.boot.autoconfigure.h2.H2ConsoleAutoConfiguration [main] H2 console available at '/console'. Database available at 'jdbc:h2:mem:testdb'
2020-05-14 12:04:29,101 [INFO] org.springframework.boot.test.mock.web.SpringBootMockServletContext [main] Initializing Spring TestDispatcherServlet ''
2020-05-14 12:04:29,102 [INFO] org.springframework.test.web.servlet.TestDispatcherServlet [main] Initializing Servlet ''
2020-05-14 12:04:29,142 [INFO] org.springframework.boot.actuate.endpoint.web.EndpointLinksResolver [main] Exposing 1 endpoint(s) beneath base path '/actuator'
2020-05-14 12:04:29,212 [INFO] org.springframework.test.web.servlet.TestDispatcherServlet [main] Completed initialization in 110 ms
2020-05-14 12:04:29,806 [WARN] org.springframework.cloud.loadbalancer.config.BlockingLoadBalancerClientAutoConfiguration$BlockingLoadBalancerClientRibbonWarnLogger [main] You already have RibbonLoadBalancerClient on your classpath. It will be used by default. As Spring Cloud Ribbon is in maintenance mode. We recommend switching to BlockingLoadBalancerClient instead. In order to use it, set the value of `spring.cloud.loadbalancer.ribbon.enabled` to `false` or remove spring-cloud-starter-netflix-ribbon from your project.
2020-05-14 12:04:29,922 [WARN] org.springframework.cloud.client.loadbalancer.reactive.ReactorLoadBalancerClientAutoConfiguration$ReactorLoadBalancerClientRibbonWarnLogger [main] You have RibbonLoadBalancerClient on your classpath. LoadBalancerExchangeFilterFunction that uses it under the hood will be used by default. Spring Cloud Ribbon is now in maintenance mode, so we suggest switching to ReactorLoadBalancerExchangeFilterFunction instead. In order to use it, set the value of `spring.cloud.loadbalancer.ribbon.enabled` to `false` or remove spring-cloud-starter-netflix-ribbon from your project.
2020-05-14 12:04:30,246 [INFO] com.example.account.Controller.UserControllerTest [main] Started UserControllerTest in 30.282 seconds (JVM running for 35.524)
2020-05-14 12:04:31,246 [WARN] org.springframework.web.servlet.mvc.support.DefaultHandlerExceptionResolver [main] Resolved [org.springframework.http.converter.HttpMessageNotReadableException: Required request body is missing: public org.springframework.http.ResponseEntity<com.example.account.Response.serverResponse> com.example.account.Controller.UserController.verifyuser(java.util.Map<java.lang.String, java.lang.String>) throws java.lang.Exception]
2020-05-14 12:04:31,528 [WARN] org.springframework.web.servlet.mvc.support.DefaultHandlerExceptionResolver [main] Resolved [org.springframework.http.converter.HttpMessageNotReadableException: Required request body is missing: public org.springframework.http.ResponseEntity<com.example.account.Response.serverResponse> com.example.account.Controller.UserController.verifyuser(java.util.Map<java.lang.String, java.lang.String>) throws java.lang.Exception]
2020-05-14 12:04:31,749 [INFO] org.springframework.cloud.netflix.eureka.InstanceInfoFactory [SpringContextShutdownHook] Setting initial instance status as: STARTING
2020-05-14 12:04:31,756 [INFO] org.springframework.cloud.netflix.eureka.serviceregistry.EurekaServiceRegistry [SpringContextShutdownHook] Unregistering application ACCOUNT with eureka with status DOWN
2020-05-14 12:04:31,799 [INFO] org.springframework.scheduling.concurrent.ThreadPoolTaskExecutor [SpringContextShutdownHook] Shutting down ExecutorService 'applicationTaskExecutor'
2020-05-14 12:04:31,817 [INFO] org.springframework.orm.jpa.LocalContainerEntityManagerFactoryBean [SpringContextShutdownHook] Closing JPA EntityManagerFactory for persistence unit 'default'
2020-05-14 12:04:31,822 [INFO] com.zaxxer.hikari.HikariDataSource [SpringContextShutdownHook] HikariPool-1 - Shutdown initiated...
2020-05-14 12:04:31,828 [INFO] com.zaxxer.hikari.HikariDataSource [SpringContextShutdownHook] HikariPool-1 - Shutdown completed.
